<?xml version="1.0" encoding="UTF-8"?>
<testng-results ignored="0" total="1" passed="1" failed="0" skipped="0">
  <reporter-output>
  </reporter-output>
  <suite started-at="2024-11-26T14:34:20 IST" name="Default suite" finished-at="2024-11-26T14:34:20 IST" duration-ms="139">
    <groups>
    </groups>
    <test started-at="2024-11-26T14:34:20 IST" name="Default test" finished-at="2024-11-26T14:34:20 IST" duration-ms="139">
      <class name="Basic.DataFormat">
        <test-method signature="main()[pri:0, instance:Basic.DataFormat@c8c12ac]" started-at="2024-11-26T14:34:20 IST" name="main" finished-at="2024-11-26T14:34:20 IST" duration-ms="100" status="PASS">
          <reporter-output>
          </reporter-output>
        </test-method> <!-- main -->
      </class> <!-- Basic.DataFormat -->
    </test> <!-- Default test -->
  </suite> <!-- Default suite -->
</testng-results>
